start reading weightPCA--
-- Time elapsed: 2.5033950805664064e-07 min --
finish reading weightPCA--
-- Time elapsed: 0.011330163478851319 min --
weightPCA shape:  torch.Size([228942, 1000])
Projection Exists
tensor([[14317.6260, 14317.6260, 14317.6260,  ..., 14317.6260, 14317.6260,
         14317.6260],
        [ 9253.3291,  9253.3291,  9253.3291,  ...,  9253.3291,  9253.3291,
          9253.3291],
        [13642.4590, 13642.4590, 13642.4590,  ..., 13642.4590, 13642.4590,
         13642.4590],
        ...,
        [15078.0244, 15078.0244, 15078.0244,  ..., 15078.0244, 15078.0244,
         15078.0244],
        [12198.4961, 12198.4961, 12198.4961,  ..., 12198.4961, 12198.4961,
         12198.4961],
        [12295.3418, 12295.3418, 12295.3418,  ..., 12295.3418, 12295.3418,
         12295.3418]], device='cuda:0')
tensor([[14065.0908, 14065.0908, 14065.0908,  ..., 14065.0908, 14065.0908,
         14065.0908],
        [12511.2803, 12511.2803, 12511.2803,  ..., 12511.2803, 12511.2803,
         12511.2803],
        [11538.8789, 11538.8789, 11538.8789,  ..., 11538.8789, 11538.8789,
         11538.8789],
        ...,
        [12434.1377, 12434.1377, 12434.1377,  ..., 12434.1377, 12434.1377,
         12434.1377],
        [ 8983.1660,  8983.1660,  8983.1660,  ...,  8983.1660,  8983.1660,
          8983.1660],
        [12312.4268, 12312.4268, 12312.4268,  ..., 12312.4268, 12312.4268,
         12312.4268]], device='cuda:0')
tensor([[13340.3906, 13340.3906, 13340.3906,  ..., 13340.3906, 13340.3906,
         13340.3906],
        [10538.2549, 10538.2549, 10538.2549,  ..., 10538.2549, 10538.2549,
         10538.2549],
        [15417.0859, 15417.0859, 15417.0859,  ..., 15417.0859, 15417.0859,
         15417.0859],
        ...,
        [10699.7354, 10699.7354, 10699.7354,  ..., 10699.7354, 10699.7354,
         10699.7354],
        [ 4619.0269,  4619.0269,  4619.0269,  ...,  4619.0269,  4619.0269,
          4619.0269],
        [12508.4482, 12508.4482, 12508.4482,  ..., 12508.4482, 12508.4482,
         12508.4482]], device='cuda:0')
tensor([[14502.9395, 14502.9395, 14502.9395,  ..., 14502.9395, 14502.9395,
         14502.9395],
        [15222.8965, 15222.8965, 15222.8965,  ..., 15222.8965, 15222.8965,
         15222.8965],
        [13194.3066, 13194.3066, 13194.3066,  ..., 13194.3066, 13194.3066,
         13194.3066],
        ...,
        [12680.3945, 12680.3945, 12680.3945,  ..., 12680.3945, 12680.3945,
         12680.3945],
        [ 7346.3740,  7346.3740,  7346.3740,  ...,  7346.3740,  7346.3740,
          7346.3740],
        [12409.1211, 12409.1211, 12409.1211,  ..., 12409.1211, 12409.1211,
         12409.1211]], device='cuda:0')
tensor([[12127.5146, 12127.5146, 12127.5146,  ..., 12127.5146, 12127.5146,
         12127.5146],
        [12627.1064, 12627.1064, 12627.1064,  ..., 12627.1064, 12627.1064,
         12627.1064],
        [13390.2500, 13390.2500, 13390.2500,  ..., 13390.2500, 13390.2500,
         13390.2500],
        ...,
        [ 4995.5332,  4995.5332,  4995.5332,  ...,  4995.5332,  4995.5332,
          4995.5332],
        [11986.5205, 11986.5205, 11986.5205,  ..., 11986.5205, 11986.5205,
         11986.5205],
        [12476.5371, 12476.5371, 12476.5371,  ..., 12476.5371, 12476.5371,
         12476.5371]], device='cuda:0')
tensor([[11970.4590, 11970.4590, 11970.4590,  ..., 11970.4590, 11970.4590,
         11970.4590],
        [14956.5107, 14956.5107, 14956.5107,  ..., 14956.5107, 14956.5107,
         14956.5107],
        [12668.9092, 12668.9092, 12668.9092,  ..., 12668.9092, 12668.9092,
         12668.9092],
        ...,
        [ 8880.7461,  8880.7461,  8880.7461,  ...,  8880.7461,  8880.7461,
          8880.7461],
        [15672.2012, 15672.2012, 15672.2012,  ..., 15672.2012, 15672.2012,
         15672.2012],
        [11950.5322, 11950.5322, 11950.5322,  ..., 11950.5322, 11950.5322,
         11950.5322]], device='cuda:0')
tensor([[16380.1035, 16380.1035, 16380.1035,  ..., 16380.1035, 16380.1035,
         16380.1035],
        [12429.5352, 12429.5352, 12429.5352,  ..., 12429.5352, 12429.5352,
         12429.5352],
        [14382.1914, 14382.1914, 14382.1914,  ..., 14382.1914, 14382.1914,
         14382.1914],
        ...,
        [13555.6572, 13555.6572, 13555.6572,  ..., 13555.6572, 13555.6572,
         13555.6572],
        [13365.0820, 13365.0820, 13365.0820,  ..., 13365.0820, 13365.0820,
         13365.0820],
        [11264.8154, 11264.8154, 11264.8154,  ..., 11264.8154, 11264.8154,
         11264.8154]], device='cuda:0')
tensor([[10782.9180, 10782.9180, 10782.9180,  ..., 10782.9180, 10782.9180,
         10782.9180],
        [11756.8760, 11756.8760, 11756.8760,  ..., 11756.8760, 11756.8760,
         11756.8760],
        [13973.9131, 13973.9131, 13973.9131,  ..., 13973.9131, 13973.9131,
         13973.9131],
        ...,
        [13786.4619, 13786.4619, 13786.4619,  ..., 13786.4619, 13786.4619,
         13786.4619],
        [13036.4775, 13036.4775, 13036.4775,  ..., 13036.4775, 13036.4775,
         13036.4775],
        [13265.1523, 13265.1523, 13265.1523,  ..., 13265.1523, 13265.1523,
         13265.1523]], device='cuda:0')
tensor([[ 7516.8730,  7516.8730,  7516.8730,  ...,  7516.8730,  7516.8730,
          7516.8730],
        [14525.8486, 14525.8486, 14525.8486,  ..., 14525.8486, 14525.8486,
         14525.8486],
        [12460.1699, 12460.1699, 12460.1699,  ..., 12460.1699, 12460.1699,
         12460.1699],
        ...,
        [13648.9619, 13648.9619, 13648.9619,  ..., 13648.9619, 13648.9619,
         13648.9619],
        [12012.8477, 12012.8477, 12012.8477,  ..., 12012.8477, 12012.8477,
         12012.8477],
        [12700.4023, 12700.4023, 12700.4023,  ..., 12700.4023, 12700.4023,
         12700.4023]], device='cuda:0')
tensor([[12242.5957, 12242.5957, 12242.5957,  ..., 12242.5957, 12242.5957,
         12242.5957],
        [13593.6406, 13593.6406, 13593.6406,  ..., 13593.6406, 13593.6406,
         13593.6406],
        [13385.2080, 13385.2080, 13385.2080,  ..., 13385.2080, 13385.2080,
         13385.2080],
        ...,
        [11559.5088, 11559.5088, 11559.5088,  ..., 11559.5088, 11559.5088,
         11559.5088],
        [ 6263.5317,  6263.5317,  6263.5317,  ...,  6263.5317,  6263.5317,
          6263.5317],
        [12273.1631, 12273.1631, 12273.1631,  ..., 12273.1631, 12273.1631,
         12273.1631]], device='cuda:0')
tensor([[13040.2578, 13040.2578, 13040.2578,  ..., 13040.2578, 13040.2578,
         13040.2578],
        [10181.9199, 10181.9199, 10181.9199,  ..., 10181.9199, 10181.9199,
         10181.9199],
        [16832.6582, 16832.6582, 16832.6582,  ..., 16832.6582, 16832.6582,
         16832.6582],
        ...,
        [ 8741.5020,  8741.5020,  8741.5020,  ...,  8741.5020,  8741.5020,
          8741.5020],
        [12670.9736, 12670.9736, 12670.9736,  ..., 12670.9736, 12670.9736,
         12670.9736],
        [12639.2422, 12639.2422, 12639.2422,  ..., 12639.2422, 12639.2422,
         12639.2422]], device='cuda:0')
tensor([[14420.6553, 14420.6553, 14420.6553,  ..., 14420.6553, 14420.6553,
         14420.6553],
        [14232.1455, 14232.1455, 14232.1455,  ..., 14232.1455, 14232.1455,
         14232.1455],
        [11452.7422, 11452.7422, 11452.7422,  ..., 11452.7422, 11452.7422,
         11452.7422],
        ...,
        [12443.5576, 12443.5576, 12443.5576,  ..., 12443.5576, 12443.5576,
         12443.5576],
        [14438.7344, 14438.7344, 14438.7344,  ..., 14438.7344, 14438.7344,
         14438.7344],
        [12689.8115, 12689.8115, 12689.8115,  ..., 12689.8115, 12689.8115,
         12689.8115]], device='cuda:0')
