start reading weightPCA--
-- Time elapsed: 0.0s --
finish reading weightPCA--
-- Time elapsed: 0.7s --
weightPCA shape:  torch.Size([228942, 1000])
Projection Exists
0
1
2
3
4
5
6
7
8
9
10
11
12
13
14
15
16
17
18
19
20
21
22
23
24
25
26
27
28
29
30
31
32
33
34
35
36
37
38
39
40
41
42
43
44
45
46
47
48
49
50
51
52
53
54
55
56
57
58
59
60
61
62
63
64
65
66
67
68
69
70
71
72
73
74
75
76
77
78
79
80
81
82
83
84
85
86
87
88
89
90
91
92
93
94
95
96
97
98
99
100
101
102
103
104
105
106
107
108
109
110
111
112
113
114
115
116
117
118
119
120
121
122
123
124
125
126
127
128
129
130
131
132
133
134
135
136
137
138
139
140
141
142
143
144
145
146
147
148
149
150
151
152
153
154
155
156
157
158
159
160
161
162
163
164
165
166
167
168
169
170
171
172
173
174
175
176
177
178
179
180
181
182
183
184
185
186
187
188
189
190
191
192
193
194
195
196
197
198
199
200
201
202
203
204
205
206
207
208
209
210
211
212
213
214
215
216
217
218
219
220
221
222
223
224
225
226
227
228
229
230
231
232
233
234
235
236
237
238
239
240
241
242
243
244
245
246
247
248
249
250
251
252
253
254
255
256
257
258
259
260
261
262
263
264
265
266
267
268
269
270
271
272
273
274
275
276
277
278
279
280
281
282
283
284
285
286
287
288
289
290
291
292
293
294
295
296
297
298
299
300
301
302
303
304
305
306
307
308
309
310
311
312
313
314
315
316
317
318
319
320
321
322
323
324
325
326
327
328
329
330
331
332
333
334
335
336
337
338
339
340
341
342
343
344
345
346
347
348
349
350
351
352
353
354
355
356
357
358
359
360
361
362
363
364
365
366
367
368
369
370
371
372
373
374
375
376
377
378
379
380
381
382
383
384
385
386
387
388
389
390
391
392
393
394
395
396
397
398
399
400
401
402
403
404
405
406
407
408
409
410
411
412
413
second to last: (412, tensor([[ 7544.0991,  7544.0991,  7544.0991,  ...,  7544.0991,  7544.0991,
          7544.0991],
        [ 6773.0308,  6773.0308,  6773.0308,  ...,  6773.0308,  6773.0308,
          6773.0308],
        [14657.8467, 14657.8467, 14657.8467,  ..., 14657.8467, 14657.8467,
         14657.8467],
        ...,
        [13299.0430, 13299.0430, 13299.0430,  ..., 13299.0430, 13299.0430,
         13299.0430],
        [13046.6768, 13046.6768, 13046.6768,  ..., 13046.6768, 13046.6768,
         13046.6768],
        [12380.9082, 12380.9082, 12380.9082,  ..., 12380.9082, 12380.9082,
         12380.9082]], device='cuda:0'))
second to last: (413, tensor([[10137.8467, 10137.8467, 10137.8467,  ..., 10137.8467, 10137.8467,
         10137.8467],
        [11313.4600, 11313.4600, 11313.4600,  ..., 11313.4600, 11313.4600,
         11313.4600],
        [14517.7959, 14517.7959, 14517.7959,  ..., 14517.7959, 14517.7959,
         14517.7959],
        ...,
        [14334.0000, 14334.0000, 14334.0000,  ..., 14334.0000, 14334.0000,
         14334.0000],
        [11930.8545, 11930.8545, 11930.8545,  ..., 11930.8545, 11930.8545,
         11930.8545],
        [10402.9453, 10402.9453, 10402.9453,  ..., 10402.9453, 10402.9453,
         10402.9453]], device='cuda:0'))
413 torch.Size([214, 1000])
0
torch.Size([256, 1000])
1
torch.Size([256, 1000])
2
torch.Size([256, 1000])
3
torch.Size([256, 1000])
4
torch.Size([256, 1000])
5
torch.Size([256, 1000])
6
torch.Size([256, 1000])
7
torch.Size([256, 1000])
8
torch.Size([256, 1000])
9
torch.Size([256, 1000])
10
torch.Size([256, 1000])
11
torch.Size([256, 1000])
12
torch.Size([256, 1000])
13
torch.Size([256, 1000])
14
torch.Size([256, 1000])
15
torch.Size([256, 1000])
16
torch.Size([256, 1000])
17
torch.Size([256, 1000])
18
torch.Size([256, 1000])
19
torch.Size([256, 1000])
20
torch.Size([256, 1000])
21
torch.Size([256, 1000])
22
torch.Size([256, 1000])
23
torch.Size([256, 1000])
24
torch.Size([256, 1000])
25
torch.Size([256, 1000])
26
torch.Size([256, 1000])
27
torch.Size([256, 1000])
28
torch.Size([256, 1000])
29
torch.Size([256, 1000])
30
torch.Size([256, 1000])
31
torch.Size([256, 1000])
32
torch.Size([256, 1000])
33
torch.Size([256, 1000])
34
torch.Size([256, 1000])
35
torch.Size([256, 1000])
36
torch.Size([256, 1000])
37
torch.Size([256, 1000])
38
torch.Size([256, 1000])
39
torch.Size([256, 1000])
40
torch.Size([256, 1000])
41
torch.Size([256, 1000])
42
torch.Size([256, 1000])
43
torch.Size([256, 1000])
44
torch.Size([256, 1000])
45
torch.Size([256, 1000])
46
torch.Size([256, 1000])
47
torch.Size([256, 1000])
48
torch.Size([256, 1000])
49
torch.Size([256, 1000])
50
torch.Size([256, 1000])
51
torch.Size([256, 1000])
52
torch.Size([256, 1000])
53
torch.Size([256, 1000])
54
torch.Size([256, 1000])
55
torch.Size([256, 1000])
56
torch.Size([256, 1000])
57
torch.Size([256, 1000])
58
torch.Size([256, 1000])
59
torch.Size([256, 1000])
60
torch.Size([256, 1000])
61
torch.Size([256, 1000])
62
torch.Size([256, 1000])
63
torch.Size([256, 1000])
64
torch.Size([256, 1000])
65
torch.Size([256, 1000])
66
torch.Size([256, 1000])
67
torch.Size([256, 1000])
68
torch.Size([256, 1000])
69
torch.Size([256, 1000])
70
torch.Size([256, 1000])
71
torch.Size([256, 1000])
72
torch.Size([256, 1000])
73
torch.Size([256, 1000])
74
torch.Size([256, 1000])
75
torch.Size([256, 1000])
76
torch.Size([256, 1000])
77
torch.Size([256, 1000])
78
torch.Size([256, 1000])
79
torch.Size([256, 1000])
80
torch.Size([256, 1000])
81
torch.Size([256, 1000])
82
torch.Size([256, 1000])
83
torch.Size([256, 1000])
84
torch.Size([256, 1000])
85
torch.Size([256, 1000])
86
torch.Size([256, 1000])
87
torch.Size([256, 1000])
88
torch.Size([256, 1000])
89
torch.Size([256, 1000])
90
torch.Size([256, 1000])
91
torch.Size([256, 1000])
92
torch.Size([256, 1000])
93
torch.Size([256, 1000])
94
torch.Size([256, 1000])
95
torch.Size([256, 1000])
96
torch.Size([256, 1000])
97
torch.Size([256, 1000])
98
torch.Size([256, 1000])
99
torch.Size([256, 1000])
100
torch.Size([256, 1000])
101
torch.Size([256, 1000])
102
torch.Size([256, 1000])
103
torch.Size([256, 1000])
104
torch.Size([256, 1000])
105
torch.Size([256, 1000])
106
torch.Size([256, 1000])
107
torch.Size([256, 1000])
108
torch.Size([256, 1000])
109
torch.Size([256, 1000])
110
torch.Size([256, 1000])
111
torch.Size([256, 1000])
112
torch.Size([256, 1000])
113
torch.Size([256, 1000])
114
torch.Size([256, 1000])
115
torch.Size([256, 1000])
116
torch.Size([256, 1000])
117
torch.Size([256, 1000])
118
torch.Size([256, 1000])
119
torch.Size([256, 1000])
120
torch.Size([256, 1000])
121
torch.Size([256, 1000])
122
torch.Size([256, 1000])
123
torch.Size([256, 1000])
124
torch.Size([256, 1000])
125
torch.Size([256, 1000])
126
torch.Size([256, 1000])
127
torch.Size([256, 1000])
128
torch.Size([256, 1000])
129
torch.Size([256, 1000])
130
torch.Size([256, 1000])
131
torch.Size([256, 1000])
132
torch.Size([256, 1000])
133
torch.Size([256, 1000])
134
torch.Size([256, 1000])
135
torch.Size([256, 1000])
136
torch.Size([256, 1000])
137
torch.Size([256, 1000])
138
torch.Size([256, 1000])
139
torch.Size([256, 1000])
140
torch.Size([256, 1000])
141
torch.Size([256, 1000])
142
torch.Size([256, 1000])
143
torch.Size([256, 1000])
144
torch.Size([256, 1000])
145
torch.Size([256, 1000])
146
torch.Size([256, 1000])
147
torch.Size([256, 1000])
148
torch.Size([256, 1000])
149
torch.Size([256, 1000])
150
torch.Size([256, 1000])
151
torch.Size([256, 1000])
152
torch.Size([256, 1000])
153
torch.Size([256, 1000])
154
torch.Size([256, 1000])
155
torch.Size([256, 1000])
156
torch.Size([256, 1000])
157
torch.Size([256, 1000])
158
torch.Size([256, 1000])
159
torch.Size([256, 1000])
160
torch.Size([256, 1000])
161
torch.Size([256, 1000])
162
torch.Size([256, 1000])
163
torch.Size([256, 1000])
164
torch.Size([256, 1000])
165
torch.Size([256, 1000])
166
torch.Size([256, 1000])
167
torch.Size([256, 1000])
168
torch.Size([256, 1000])
169
torch.Size([256, 1000])
170
torch.Size([256, 1000])
171
torch.Size([256, 1000])
172
torch.Size([256, 1000])
173
torch.Size([256, 1000])
174
torch.Size([256, 1000])
175
torch.Size([256, 1000])
176
torch.Size([256, 1000])
177
torch.Size([256, 1000])
178
torch.Size([256, 1000])
179
torch.Size([256, 1000])
180
torch.Size([256, 1000])
181
torch.Size([256, 1000])
182
torch.Size([256, 1000])
183
torch.Size([256, 1000])
184
torch.Size([256, 1000])
185
torch.Size([256, 1000])
186
torch.Size([256, 1000])
187
torch.Size([256, 1000])
188
torch.Size([256, 1000])
189
torch.Size([256, 1000])
190
torch.Size([256, 1000])
191
torch.Size([256, 1000])
192
torch.Size([256, 1000])
193
torch.Size([256, 1000])
194
torch.Size([256, 1000])
195
torch.Size([256, 1000])
196
torch.Size([256, 1000])
197
torch.Size([256, 1000])
198
torch.Size([256, 1000])
199
torch.Size([256, 1000])
200
torch.Size([256, 1000])
201
torch.Size([256, 1000])
202
torch.Size([256, 1000])
203
torch.Size([256, 1000])
204
torch.Size([256, 1000])
205
torch.Size([256, 1000])
206
torch.Size([256, 1000])
207
torch.Size([256, 1000])
208
torch.Size([256, 1000])
209
torch.Size([256, 1000])
210
torch.Size([256, 1000])
211
torch.Size([256, 1000])
212
torch.Size([256, 1000])
213
torch.Size([256, 1000])
214
torch.Size([256, 1000])
215
torch.Size([256, 1000])
216
torch.Size([256, 1000])
217
torch.Size([256, 1000])
218
torch.Size([256, 1000])
219
torch.Size([256, 1000])
220
torch.Size([256, 1000])
221
torch.Size([256, 1000])
222
torch.Size([256, 1000])
223
torch.Size([256, 1000])
224
torch.Size([256, 1000])
225
torch.Size([256, 1000])
226
torch.Size([256, 1000])
227
torch.Size([256, 1000])
228
torch.Size([256, 1000])
229
torch.Size([256, 1000])
230
torch.Size([256, 1000])
231
torch.Size([256, 1000])
232
torch.Size([256, 1000])
233
torch.Size([256, 1000])
234
torch.Size([256, 1000])
235
torch.Size([256, 1000])
236
torch.Size([256, 1000])
237
torch.Size([256, 1000])
238
torch.Size([256, 1000])
239
torch.Size([256, 1000])
240
torch.Size([256, 1000])
241
torch.Size([256, 1000])
242
torch.Size([256, 1000])
243
torch.Size([256, 1000])
244
torch.Size([256, 1000])
245
torch.Size([256, 1000])
246
torch.Size([256, 1000])
247
torch.Size([256, 1000])
248
torch.Size([256, 1000])
249
torch.Size([256, 1000])
250
torch.Size([256, 1000])
251
torch.Size([256, 1000])
252
torch.Size([256, 1000])
253
torch.Size([256, 1000])
254
torch.Size([256, 1000])
255
torch.Size([256, 1000])
256
torch.Size([256, 1000])
257
torch.Size([256, 1000])
258
torch.Size([256, 1000])
259
torch.Size([256, 1000])
260
torch.Size([256, 1000])
261
torch.Size([256, 1000])
262
torch.Size([256, 1000])
263
torch.Size([256, 1000])
264
torch.Size([256, 1000])
265
torch.Size([256, 1000])
266
torch.Size([256, 1000])
267
torch.Size([256, 1000])
268
torch.Size([256, 1000])
269
torch.Size([256, 1000])
270
torch.Size([256, 1000])
271
torch.Size([256, 1000])
272
torch.Size([256, 1000])
273
torch.Size([256, 1000])
274
torch.Size([256, 1000])
275
torch.Size([256, 1000])
276
torch.Size([256, 1000])
277
torch.Size([256, 1000])
278
torch.Size([256, 1000])
279
torch.Size([256, 1000])
280
torch.Size([256, 1000])
281
torch.Size([256, 1000])
282
torch.Size([256, 1000])
283
torch.Size([256, 1000])
284
torch.Size([256, 1000])
285
torch.Size([256, 1000])
286
torch.Size([256, 1000])
287
torch.Size([256, 1000])
288
torch.Size([256, 1000])
289
torch.Size([256, 1000])
290
torch.Size([256, 1000])
291
torch.Size([256, 1000])
292
torch.Size([256, 1000])
293
torch.Size([256, 1000])
294
torch.Size([256, 1000])
295
torch.Size([256, 1000])
296
torch.Size([256, 1000])
297
torch.Size([256, 1000])
298
torch.Size([256, 1000])
299
torch.Size([256, 1000])
300
torch.Size([256, 1000])
301
torch.Size([256, 1000])
302
torch.Size([256, 1000])
303
torch.Size([256, 1000])
304
torch.Size([256, 1000])
305
torch.Size([256, 1000])
306
torch.Size([256, 1000])
307
torch.Size([256, 1000])
308
torch.Size([256, 1000])
309
torch.Size([256, 1000])
310
torch.Size([256, 1000])
311
torch.Size([256, 1000])
312
torch.Size([256, 1000])
313
torch.Size([256, 1000])
314
torch.Size([256, 1000])
315
torch.Size([256, 1000])
316
torch.Size([256, 1000])
317
torch.Size([256, 1000])
318
torch.Size([256, 1000])
319
torch.Size([256, 1000])
320
torch.Size([256, 1000])
321
torch.Size([256, 1000])
322
torch.Size([256, 1000])
323
torch.Size([256, 1000])
324
torch.Size([256, 1000])
325
torch.Size([256, 1000])
326
torch.Size([256, 1000])
327
torch.Size([256, 1000])
328
torch.Size([256, 1000])
329
torch.Size([256, 1000])
330
torch.Size([256, 1000])
331
torch.Size([256, 1000])
332
torch.Size([256, 1000])
333
torch.Size([256, 1000])
334
torch.Size([256, 1000])
335
torch.Size([256, 1000])
336
torch.Size([256, 1000])
337
torch.Size([256, 1000])
338
torch.Size([256, 1000])
339
torch.Size([256, 1000])
340
torch.Size([256, 1000])
341
torch.Size([256, 1000])
342
torch.Size([256, 1000])
343
torch.Size([256, 1000])
344
torch.Size([256, 1000])
345
torch.Size([256, 1000])
346
torch.Size([256, 1000])
347
torch.Size([256, 1000])
348
torch.Size([256, 1000])
349
torch.Size([256, 1000])
350
torch.Size([256, 1000])
351
torch.Size([256, 1000])
352
torch.Size([256, 1000])
353
torch.Size([256, 1000])
354
torch.Size([256, 1000])
355
torch.Size([256, 1000])
356
torch.Size([256, 1000])
357
torch.Size([256, 1000])
358
torch.Size([256, 1000])
359
torch.Size([256, 1000])
360
torch.Size([256, 1000])
361
torch.Size([256, 1000])
362
torch.Size([256, 1000])
363
torch.Size([256, 1000])
364
torch.Size([256, 1000])
365
torch.Size([256, 1000])
366
torch.Size([256, 1000])
367
torch.Size([256, 1000])
368
torch.Size([256, 1000])
369
torch.Size([256, 1000])
370
torch.Size([256, 1000])
371
torch.Size([256, 1000])
372
torch.Size([256, 1000])
373
torch.Size([256, 1000])
374
torch.Size([256, 1000])
375
torch.Size([256, 1000])
376
torch.Size([256, 1000])
377
torch.Size([256, 1000])
378
torch.Size([256, 1000])
379
torch.Size([256, 1000])
380
torch.Size([256, 1000])
381
torch.Size([256, 1000])
382
torch.Size([256, 1000])
383
torch.Size([256, 1000])
384
torch.Size([256, 1000])
385
torch.Size([256, 1000])
386
torch.Size([256, 1000])
387
torch.Size([256, 1000])
388
torch.Size([256, 1000])
389
torch.Size([256, 1000])
390
torch.Size([256, 1000])
391
torch.Size([256, 1000])
392
torch.Size([256, 1000])
393
torch.Size([256, 1000])
394
torch.Size([256, 1000])
395
torch.Size([256, 1000])
396
torch.Size([256, 1000])
397
torch.Size([256, 1000])
398
torch.Size([256, 1000])
399
torch.Size([256, 1000])
400
torch.Size([256, 1000])
401
torch.Size([256, 1000])
402
torch.Size([256, 1000])
403
torch.Size([256, 1000])
404
torch.Size([256, 1000])
405
torch.Size([256, 1000])
406
torch.Size([256, 1000])
407
torch.Size([256, 1000])
408
torch.Size([256, 1000])
409
torch.Size([256, 1000])
410
torch.Size([256, 1000])
411
torch.Size([256, 1000])
412
torch.Size([256, 1000])
413
torch.Size([214, 1000])
