000 (16729488.000.000) 2022-11-03 11:23:03 Job submitted from host: <128.105.244.191:9618?addrs=128.105.244.191-9618&alias=submit-1.chtc.wisc.edu&noUDP&sock=schedd_6485_bfc3>
...
040 (16729488.000.000) 2022-11-03 11:25:55 Started transferring input files
	Transferring to host: <128.105.68.153:9618?addrs=128.105.68.153-9618+[2607-f388-2200-100-b226-28ff-fe50-1762]-9618&alias=e2012.chtc.wisc.edu&noUDP&sock=slot1_13_222896_2561_102085>
...
040 (16729488.000.000) 2022-11-03 11:25:55 Finished transferring input files
...
001 (16729488.000.000) 2022-11-03 11:25:56 Job executing on host: <128.105.68.153:9618?addrs=128.105.68.153-9618+[2607-f388-2200-100-b226-28ff-fe50-1762]-9618&alias=e2012.chtc.wisc.edu&noUDP&sock=startd_8880_8516>
...
006 (16729488.000.000) 2022-11-03 11:31:08 Image size of job updated: 2582
	2582  -  MemoryUsage of job (MB)
	2644564  -  ResidentSetSize of job (KB)
...
006 (16729488.000.000) 2022-11-03 11:36:08 Image size of job updated: 9079
	9079  -  MemoryUsage of job (MB)
	9297032  -  ResidentSetSize of job (KB)
...
006 (16729488.000.000) 2022-11-03 11:41:09 Image size of job updated: 15546
	15546  -  MemoryUsage of job (MB)
	15919708  -  ResidentSetSize of job (KB)
...
006 (16729488.000.000) 2022-11-03 11:46:09 Image size of job updated: 22051
	22051  -  MemoryUsage of job (MB)
	22580716  -  ResidentSetSize of job (KB)
...
006 (16729488.000.000) 2022-11-03 11:51:09 Image size of job updated: 28869
	28869  -  MemoryUsage of job (MB)
	29562488  -  ResidentSetSize of job (KB)
...
006 (16729488.000.000) 2022-11-03 11:56:10 Image size of job updated: 35564
	35564  -  MemoryUsage of job (MB)
	36417716  -  ResidentSetSize of job (KB)
...
006 (16729488.000.000) 2022-11-03 12:01:11 Image size of job updated: 35702
	35702  -  MemoryUsage of job (MB)
	36559556  -  ResidentSetSize of job (KB)
...
040 (16729488.000.000) 2022-11-03 22:48:23 Started transferring output files
...
040 (16729488.000.000) 2022-11-03 22:48:23 Finished transferring output files
...
005 (16729488.000.000) 2022-11-03 22:48:23 Job terminated.
	(1) Normal termination (return value 1)
		Usr 0 08:18:30, Sys 0 00:26:36  -  Run Remote Usage
		Usr 0 00:00:00, Sys 0 00:00:00  -  Run Local Usage
		Usr 0 08:18:30, Sys 0 00:26:36  -  Total Remote Usage
		Usr 0 00:00:00, Sys 0 00:00:00  -  Total Local Usage
	14966  -  Run Bytes Sent By Job
	415492  -  Run Bytes Received By Job
	14966  -  Total Bytes Sent By Job
	415492  -  Total Bytes Received By Job
	Partitionable Resources :    Usage  Request Allocated 
	   Cpus                 :     0.00        1         1 
	   Disk (KB)            :   472    52428800  53620547 
	   IoHeavy              :                           0 
	   Memory (MB)          : 35702      102400    102400 

	Job terminated of its own accord at 2022-11-04T03:48:23Z with exit-code 1.
...
