000 (16729709.000.000) 2022-11-03 23:49:27 Job submitted from host: <128.105.244.191:9618?addrs=128.105.244.191-9618&alias=submit-1.chtc.wisc.edu&noUDP&sock=schedd_6485_bfc3>
...
040 (16729709.000.000) 2022-11-03 23:54:55 Started transferring input files
	Transferring to host: <128.105.68.8:9618?addrs=128.105.68.8-9618+[2607-f388-2200-100-eef4-bbff-fec3-96f0]-9618&alias=mem2001.chtc.wisc.edu&noUDP&sock=slot1_42_16856_53a7_176409>
...
040 (16729709.000.000) 2022-11-03 23:54:55 Finished transferring input files
...
001 (16729709.000.000) 2022-11-03 23:54:56 Job executing on host: <128.105.68.8:9618?addrs=128.105.68.8-9618+[2607-f388-2200-100-eef4-bbff-fec3-96f0]-9618&alias=mem2001.chtc.wisc.edu&noUDP&sock=startd_12917_90eb>
...
006 (16729709.000.000) 2022-11-03 23:55:05 Image size of job updated: 48
	48  -  MemoryUsage of job (MB)
	49400  -  ResidentSetSize of job (KB)
...
006 (16729709.000.000) 2022-11-04 00:00:05 Image size of job updated: 2778
	2778  -  MemoryUsage of job (MB)
	2845648  -  ResidentSetSize of job (KB)
...
006 (16729709.000.000) 2022-11-04 00:05:06 Image size of job updated: 5418
	5418  -  MemoryUsage of job (MB)
	5548124  -  ResidentSetSize of job (KB)
...
006 (16729709.000.000) 2022-11-04 00:10:06 Image size of job updated: 8060
	8060  -  MemoryUsage of job (MB)
	8253664  -  ResidentSetSize of job (KB)
...
006 (16729709.000.000) 2022-11-04 00:15:07 Image size of job updated: 10364
	10364  -  MemoryUsage of job (MB)
	10613532  -  ResidentSetSize of job (KB)
...
006 (16729709.000.000) 2022-11-04 00:20:08 Image size of job updated: 12801
	12801  -  MemoryUsage of job (MB)
	13108884  -  ResidentSetSize of job (KB)
...
006 (16729709.000.000) 2022-11-04 00:25:08 Image size of job updated: 14802
	14802  -  MemoryUsage of job (MB)
	15158144  -  ResidentSetSize of job (KB)
...
006 (16729709.000.000) 2022-11-04 00:30:08 Image size of job updated: 17053
	17053  -  MemoryUsage of job (MB)
	17463056  -  ResidentSetSize of job (KB)
...
006 (16729709.000.000) 2022-11-04 00:35:09 Image size of job updated: 19137
	19137  -  MemoryUsage of job (MB)
	19597252  -  ResidentSetSize of job (KB)
...
006 (16729709.000.000) 2022-11-04 00:40:09 Image size of job updated: 21260
	21260  -  MemoryUsage of job (MB)
	21770420  -  ResidentSetSize of job (KB)
...
006 (16729709.000.000) 2022-11-04 00:45:10 Image size of job updated: 23269
	23269  -  MemoryUsage of job (MB)
	23827700  -  ResidentSetSize of job (KB)
...
006 (16729709.000.000) 2022-11-04 00:50:11 Image size of job updated: 25257
	25257  -  MemoryUsage of job (MB)
	25863476  -  ResidentSetSize of job (KB)
...
006 (16729709.000.000) 2022-11-04 00:55:11 Image size of job updated: 27748
	27748  -  MemoryUsage of job (MB)
	28414228  -  ResidentSetSize of job (KB)
...
006 (16729709.000.000) 2022-11-04 01:00:11 Image size of job updated: 29944
	29944  -  MemoryUsage of job (MB)
	30662824  -  ResidentSetSize of job (KB)
...
006 (16729709.000.000) 2022-11-04 01:05:11 Image size of job updated: 32110
	32110  -  MemoryUsage of job (MB)
	32880940  -  ResidentSetSize of job (KB)
...
006 (16729709.000.000) 2022-11-04 01:10:11 Image size of job updated: 34079
	34079  -  MemoryUsage of job (MB)
	34897784  -  ResidentSetSize of job (KB)
...
006 (16729709.000.000) 2022-11-04 01:15:11 Image size of job updated: 35714
	35714  -  MemoryUsage of job (MB)
	36572132  -  ResidentSetSize of job (KB)
...
040 (16729709.000.000) 2022-11-05 00:14:02 Started transferring output files
...
040 (16729709.000.000) 2022-11-05 00:14:02 Finished transferring output files
...
005 (16729709.000.000) 2022-11-05 00:14:04 Job terminated.
	(1) Normal termination (return value 0)
		Usr 0 16:30:30, Sys 0 00:33:05  -  Run Remote Usage
		Usr 0 00:00:00, Sys 0 00:00:00  -  Run Local Usage
		Usr 0 16:30:30, Sys 0 00:33:05  -  Total Remote Usage
		Usr 0 00:00:00, Sys 0 00:00:00  -  Total Local Usage
	408207  -  Run Bytes Sent By Job
	415876  -  Run Bytes Received By Job
	408207  -  Total Bytes Sent By Job
	415876  -  Total Bytes Received By Job
	Partitionable Resources :    Usage  Request Allocated 
	   Cpus                 :     0.00        1         1 
	   Disk (KB)            :   836    52428800  57050285 
	   IoHeavy              :                           0 
	   Memory (MB)          : 35714      102400    102400 

	Job terminated of its own accord at 2022-11-05T05:14:02Z with exit-code 0.
...
