000 (16729491.000.000) 2022-11-03 11:45:43 Job submitted from host: <128.105.244.191:9618?addrs=128.105.244.191-9618&alias=submit-1.chtc.wisc.edu&noUDP&sock=schedd_6485_bfc3>
...
040 (16729491.000.000) 2022-11-03 11:48:12 Started transferring input files
	Transferring to host: <128.105.69.25:9618?addrs=128.105.69.25-9618+[2607-f388-2200-100-f60f-1bff-fef9-f7bd]-9618&alias=e347.chtc.wisc.edu&noUDP&sock=slot1_3_35228_1012_120648>
...
040 (16729491.000.000) 2022-11-03 11:48:12 Finished transferring input files
...
001 (16729491.000.000) 2022-11-03 11:48:13 Job executing on host: <128.105.69.25:9618?addrs=128.105.69.25-9618+[2607-f388-2200-100-f60f-1bff-fef9-f7bd]-9618&alias=e347.chtc.wisc.edu&noUDP&sock=startd_7462_e3ca>
...
006 (16729491.000.000) 2022-11-03 11:54:57 Image size of job updated: 6454
	6454  -  MemoryUsage of job (MB)
	6609508  -  ResidentSetSize of job (KB)
...
040 (16729491.000.000) 2022-11-03 11:54:57 Started transferring output files
...
040 (16729491.000.000) 2022-11-03 11:54:57 Finished transferring output files
...
005 (16729491.000.000) 2022-11-03 11:54:58 Job terminated.
	(1) Normal termination (return value 1)
		Usr 0 00:00:42, Sys 0 00:00:06  -  Run Remote Usage
		Usr 0 00:00:00, Sys 0 00:00:00  -  Run Local Usage
		Usr 0 00:00:42, Sys 0 00:00:06  -  Total Remote Usage
		Usr 0 00:00:00, Sys 0 00:00:00  -  Total Local Usage
	9345  -  Run Bytes Sent By Job
	418997  -  Run Bytes Received By Job
	9345  -  Total Bytes Sent By Job
	418997  -  Total Bytes Received By Job
	Partitionable Resources :    Usage  Request Allocated 
	   Cpus                 :     0.00        1         1 
	   Disk (KB)            :   450    52428800  52601250 
	   IoHeavy              :                           0 
	   Memory (MB)          :  6454      102400    102400 

	Job terminated of its own accord at 2022-11-03T16:54:57Z with exit-code 1.
...
