000 (16730892.000.000) 2022-11-05 12:43:50 Job submitted from host: <128.105.244.191:9618?addrs=128.105.244.191-9618&alias=submit-1.chtc.wisc.edu&noUDP&sock=schedd_6485_bfc3>
...
040 (16730892.000.000) 2022-11-05 12:45:12 Started transferring input files
	Transferring to host: <128.105.68.151:9618?addrs=128.105.68.151-9618+[2607-f388-2200-100-b226-28ff-fe50-4e4c]-9618&alias=e2010.chtc.wisc.edu&noUDP&sock=slot1_33_252399_adb1_98703>
...
040 (16730892.000.000) 2022-11-05 12:45:12 Finished transferring input files
...
001 (16730892.000.000) 2022-11-05 12:45:13 Job executing on host: <128.105.68.151:9618?addrs=128.105.68.151-9618+[2607-f388-2200-100-b226-28ff-fe50-4e4c]-9618&alias=e2010.chtc.wisc.edu&noUDP&sock=startd_8850_f13e>
...
006 (16730892.000.000) 2022-11-05 12:50:24 Image size of job updated: 2992
	2992  -  MemoryUsage of job (MB)
	3064732  -  ResidentSetSize of job (KB)
...
006 (16730892.000.000) 2022-11-05 12:55:25 Image size of job updated: 8556
	8556  -  MemoryUsage of job (MB)
	8762160  -  ResidentSetSize of job (KB)
...
006 (16730892.000.000) 2022-11-05 13:00:25 Image size of job updated: 14309
	14309  -  MemoryUsage of job (MB)
	14653204  -  ResidentSetSize of job (KB)
...
006 (16730892.000.000) 2022-11-05 13:05:25 Image size of job updated: 19924
	19924  -  MemoryUsage of job (MB)
	20402588  -  ResidentSetSize of job (KB)
...
006 (16730892.000.000) 2022-11-05 13:10:26 Image size of job updated: 26039
	26039  -  MemoryUsage of job (MB)
	26664672  -  ResidentSetSize of job (KB)
...
006 (16730892.000.000) 2022-11-05 13:15:27 Image size of job updated: 31976
	31976  -  MemoryUsage of job (MB)
	32743484  -  ResidentSetSize of job (KB)
...
006 (16730892.000.000) 2022-11-05 13:20:28 Image size of job updated: 37489
	37489  -  MemoryUsage of job (MB)
	38388864  -  ResidentSetSize of job (KB)
...
006 (16730892.000.000) 2022-11-05 13:25:28 Image size of job updated: 37613
	37613  -  MemoryUsage of job (MB)
	38516380  -  ResidentSetSize of job (KB)
...
040 (16730892.000.000) 2022-11-05 14:03:54 Started transferring output files
...
040 (16730892.000.000) 2022-11-05 14:03:56 Finished transferring output files
...
005 (16730892.000.000) 2022-11-05 14:03:59 Job terminated.
	(1) Normal termination (return value 0)
		Usr 0 00:56:44, Sys 0 00:03:04  -  Run Remote Usage
		Usr 0 00:00:00, Sys 0 00:00:00  -  Run Local Usage
		Usr 0 00:56:44, Sys 0 00:03:04  -  Total Remote Usage
		Usr 0 00:00:00, Sys 0 00:00:00  -  Total Local Usage
	449380096  -  Run Bytes Sent By Job
	418992  -  Run Bytes Received By Job
	449380096  -  Total Bytes Sent By Job
	418992  -  Total Bytes Received By Job
	Partitionable Resources :     Usage  Request Allocated 
	   Cpus                 :      0.00        1         1 
	   Disk (KB)            : 439288    52428800  53594446 
	   IoHeavy              :                            0 
	   Memory (MB)          :  37613      102400    102400 

	Job terminated of its own accord at 2022-11-05T19:03:51Z with exit-code 0.
...
