000 (16742251.000.000) 2022-11-11 13:31:57 Job submitted from host: <128.105.244.191:9618?addrs=128.105.244.191-9618&alias=submit-1.chtc.wisc.edu&noUDP&sock=schedd_6485_bfc3>
...
040 (16742251.000.000) 2022-11-11 13:32:13 Started transferring input files
	Transferring to host: <128.104.103.46:9618?addrs=128.104.103.46-9618+[2607-f388-107c-501-ae1f-6bff-feac-5e02]-9618&alias=vetsigian0000.chtc.wisc.edu&noUDP&sock=slot1_1_51741_f711_5111>
...
040 (16742251.000.000) 2022-11-11 13:32:13 Finished transferring input files
...
001 (16742251.000.000) 2022-11-11 13:32:14 Job executing on host: <128.104.103.46:9618?addrs=128.104.103.46-9618+[2607-f388-107c-501-ae1f-6bff-feac-5e02]-9618&alias=vetsigian0000.chtc.wisc.edu&noUDP&sock=startd_7807_87f7>
...
006 (16742251.000.000) 2022-11-11 13:32:22 Image size of job updated: 1111
	1111  -  MemoryUsage of job (MB)
	1138224  -  ResidentSetSize of job (KB)
...
040 (16742251.000.000) 2022-11-11 13:32:28 Started transferring output files
...
040 (16742251.000.000) 2022-11-11 13:32:28 Finished transferring output files
...
005 (16742251.000.000) 2022-11-11 13:32:29 Job terminated.
	(1) Normal termination (return value 1)
		Usr 0 00:00:06, Sys 0 00:00:02  -  Run Remote Usage
		Usr 0 00:00:00, Sys 0 00:00:00  -  Run Local Usage
		Usr 0 00:00:06, Sys 0 00:00:02  -  Total Remote Usage
		Usr 0 00:00:00, Sys 0 00:00:00  -  Total Local Usage
	915  -  Run Bytes Sent By Job
	417895  -  Run Bytes Received By Job
	915  -  Total Bytes Sent By Job
	417895  -  Total Bytes Received By Job
	Partitionable Resources :    Usage  Request Allocated Assigned
	   Cpus                 :        0        1         1 
	   Disk (KB)            :      472 20971520  26335977 
	   Gpus (Average)       :                 1         1 "GPU-8e4ef0ae"
	   IoHeavy              :                           0 
	   Memory (MB)          :     1111    16384     16384 

	Job terminated of its own accord at 2022-11-11T19:32:27Z with exit-code 1.
...
