000 (16742789.000.000) 2022-11-11 16:54:40 Job submitted from host: <128.105.244.191:9618?addrs=128.105.244.191-9618&alias=submit-1.chtc.wisc.edu&noUDP&sock=schedd_6485_bfc3>
...
040 (16742789.000.000) 2022-11-11 16:54:57 Started transferring input files
	Transferring to host: <128.104.103.46:9618?addrs=128.104.103.46-9618+[2607-f388-107c-501-ae1f-6bff-feac-5e02]-9618&alias=vetsigian0000.chtc.wisc.edu&noUDP&sock=slot1_1_51741_f711_5458>
...
040 (16742789.000.000) 2022-11-11 16:54:57 Finished transferring input files
...
001 (16742789.000.000) 2022-11-11 16:54:58 Job executing on host: <128.104.103.46:9618?addrs=128.104.103.46-9618+[2607-f388-107c-501-ae1f-6bff-feac-5e02]-9618&alias=vetsigian0000.chtc.wisc.edu&noUDP&sock=startd_7807_87f7>
...
006 (16742789.000.000) 2022-11-11 16:55:06 Image size of job updated: 244
	244  -  MemoryUsage of job (MB)
	250340  -  ResidentSetSize of job (KB)
...
006 (16742789.000.000) 2022-11-11 17:00:07 Image size of job updated: 2792
	2792  -  MemoryUsage of job (MB)
	2859184  -  ResidentSetSize of job (KB)
...
006 (16742789.000.000) 2022-11-11 17:05:08 Image size of job updated: 2818
	2818  -  MemoryUsage of job (MB)
	2886088  -  ResidentSetSize of job (KB)
...
006 (16742789.000.000) 2022-11-11 17:10:10 Image size of job updated: 3016
	3016  -  MemoryUsage of job (MB)
	3089044  -  ResidentSetSize of job (KB)
...
006 (16742789.000.000) 2022-11-11 17:15:11 Image size of job updated: 3016
	3016  -  MemoryUsage of job (MB)
	3089244  -  ResidentSetSize of job (KB)
...
006 (16742789.000.000) 2022-11-11 17:25:14 Image size of job updated: 3018
	3018  -  MemoryUsage of job (MB)
	3091348  -  ResidentSetSize of job (KB)
...
006 (16742789.000.000) 2022-11-11 17:35:18 Image size of job updated: 3023
	3023  -  MemoryUsage of job (MB)
	3095816  -  ResidentSetSize of job (KB)
...
040 (16742789.000.000) 2022-11-11 20:07:35 Started transferring output files
...
040 (16742789.000.000) 2022-11-11 20:07:35 Finished transferring output files
...
005 (16742789.000.000) 2022-11-11 20:07:35 Job terminated.
	(1) Normal termination (return value 0)
		Usr 0 01:25:59, Sys 0 00:35:51  -  Run Remote Usage
		Usr 0 00:00:00, Sys 0 00:00:00  -  Run Local Usage
		Usr 0 01:25:59, Sys 0 00:35:51  -  Total Remote Usage
		Usr 0 00:00:00, Sys 0 00:00:00  -  Total Local Usage
	9343  -  Run Bytes Sent By Job
	17792  -  Run Bytes Received By Job
	9343  -  Total Bytes Sent By Job
	17792  -  Total Bytes Received By Job
	Partitionable Resources :    Usage   Request Allocated Assigned
	   Cpus                 :     0.00         1         1 
	   Disk (KB)            :  1276    209715200 214450094 
	   Gpus (Average)       :  2906.03         1         1 "GPU-8e4ef0ae"
	   GpusMemory (MB)      :  1798                        
	   IoHeavy              :                            0 
	   Memory (MB)          :  3023        92160     92160 

	Job terminated of its own accord at 2022-11-12T02:07:35Z with exit-code 0.
...
