000 (16742239.000.000) 2022-11-11 12:05:28 Job submitted from host: <128.105.244.191:9618?addrs=128.105.244.191-9618&alias=submit-1.chtc.wisc.edu&noUDP&sock=schedd_6485_bfc3>
...
040 (16742239.000.000) 2022-11-11 12:05:34 Started transferring input files
	Transferring to host: <128.104.103.46:9618?addrs=128.104.103.46-9618+[2607-f388-107c-501-ae1f-6bff-feac-5e02]-9618&alias=vetsigian0000.chtc.wisc.edu&noUDP&sock=slot1_1_51741_f711_4953>
...
040 (16742239.000.000) 2022-11-11 12:05:34 Finished transferring input files
...
001 (16742239.000.000) 2022-11-11 12:05:35 Job executing on host: <128.104.103.46:9618?addrs=128.104.103.46-9618+[2607-f388-107c-501-ae1f-6bff-feac-5e02]-9618&alias=vetsigian0000.chtc.wisc.edu&noUDP&sock=startd_7807_87f7>
...
006 (16742239.000.000) 2022-11-11 12:05:44 Image size of job updated: 1122
	1122  -  MemoryUsage of job (MB)
	1149800  -  ResidentSetSize of job (KB)
...
006 (16742239.000.000) 2022-11-11 12:10:44 Image size of job updated: 3677
	3677  -  MemoryUsage of job (MB)
	3765288  -  ResidentSetSize of job (KB)
...
040 (16742239.000.000) 2022-11-11 12:15:49 Started transferring output files
...
040 (16742239.000.000) 2022-11-11 12:15:49 Finished transferring output files
...
005 (16742239.000.000) 2022-11-11 12:15:53 Job terminated.
	(1) Normal termination (return value 1)
		Usr 0 00:04:50, Sys 0 00:01:38  -  Run Remote Usage
		Usr 0 00:00:00, Sys 0 00:00:00  -  Run Local Usage
		Usr 0 00:04:50, Sys 0 00:01:38  -  Total Remote Usage
		Usr 0 00:00:00, Sys 0 00:00:00  -  Total Local Usage
	29558  -  Run Bytes Sent By Job
	417262  -  Run Bytes Received By Job
	29558  -  Total Bytes Sent By Job
	417262  -  Total Bytes Received By Job
	Partitionable Resources :    Usage  Request Allocated Assigned
	   Cpus                 :     0.00        1         1 
	   Disk (KB)            :   496    20971520  26335977 
	   Gpus (Average)       :     0.00        1         1 "GPU-8e4ef0ae"
	   GpusMemory (MB)      :  1798                       
	   IoHeavy              :                           0 
	   Memory (MB)          :  3677       16384     16384 

	Job terminated of its own accord at 2022-11-11T18:15:49Z with exit-code 1.
...
