000 (16741646.000.000) 2022-11-10 21:43:36 Job submitted from host: <128.105.244.191:9618?addrs=128.105.244.191-9618&alias=submit-1.chtc.wisc.edu&noUDP&sock=schedd_6485_bfc3>
...
040 (16741646.000.000) 2022-11-10 21:44:17 Started transferring input files
	Transferring to host: <128.104.103.46:9618?addrs=128.104.103.46-9618+[2607-f388-107c-501-ae1f-6bff-feac-5e02]-9618&alias=vetsigian0000.chtc.wisc.edu&noUDP&sock=slot1_5_51741_f711_3544>
...
040 (16741646.000.000) 2022-11-10 21:44:18 Finished transferring input files
...
001 (16741646.000.000) 2022-11-10 21:44:21 Job executing on host: <128.104.103.46:9618?addrs=128.104.103.46-9618+[2607-f388-107c-501-ae1f-6bff-feac-5e02]-9618&alias=vetsigian0000.chtc.wisc.edu&noUDP&sock=startd_7807_87f7>
...
006 (16741646.000.000) 2022-11-10 21:46:30 Image size of job updated: 3375
	3375  -  MemoryUsage of job (MB)
	3456480  -  ResidentSetSize of job (KB)
...
040 (16741646.000.000) 2022-11-10 21:46:30 Started transferring output files
...
040 (16741646.000.000) 2022-11-10 21:46:30 Finished transferring output files
...
005 (16741646.000.000) 2022-11-10 21:46:31 Job terminated.
	(1) Normal termination (return value 1)
		Usr 0 00:00:12, Sys 0 00:00:05  -  Run Remote Usage
		Usr 0 00:00:00, Sys 0 00:00:00  -  Run Local Usage
		Usr 0 00:00:12, Sys 0 00:00:05  -  Total Remote Usage
		Usr 0 00:00:00, Sys 0 00:00:00  -  Total Local Usage
	4172  -  Run Bytes Sent By Job
	416807  -  Run Bytes Received By Job
	4172  -  Total Bytes Sent By Job
	416807  -  Total Bytes Received By Job
	Partitionable Resources :    Usage  Request Allocated Assigned
	   Cpus                 :     0.00        1         1 
	   Disk (KB)            :   450    20971520  26335977 
	   Gpus (Average)       :     0           1         1 "GPU-6bf09b02"
	   GpusMemory (MB)      :   397                       
	   IoHeavy              :                           0 
	   Memory (MB)          :  3375       16384     16384 

	Job terminated of its own accord at 2022-11-11T03:46:30Z with exit-code 1.
...
