000 (16742256.000.000) 2022-11-11 13:51:32 Job submitted from host: <128.105.244.191:9618?addrs=128.105.244.191-9618&alias=submit-1.chtc.wisc.edu&noUDP&sock=schedd_6485_bfc3>
...
040 (16742256.000.000) 2022-11-11 13:51:43 Started transferring input files
	Transferring to host: <128.104.103.46:9618?addrs=128.104.103.46-9618+[2607-f388-107c-501-ae1f-6bff-feac-5e02]-9618&alias=vetsigian0000.chtc.wisc.edu&noUDP&sock=slot1_1_51741_f711_5147>
...
040 (16742256.000.000) 2022-11-11 13:51:43 Finished transferring input files
...
001 (16742256.000.000) 2022-11-11 13:51:44 Job executing on host: <128.104.103.46:9618?addrs=128.104.103.46-9618+[2607-f388-107c-501-ae1f-6bff-feac-5e02]-9618&alias=vetsigian0000.chtc.wisc.edu&noUDP&sock=startd_7807_87f7>
...
006 (16742256.000.000) 2022-11-11 13:51:53 Image size of job updated: 1108
	1108  -  MemoryUsage of job (MB)
	1134724  -  ResidentSetSize of job (KB)
...
006 (16742256.000.000) 2022-11-11 13:56:53 Image size of job updated: 3691
	3691  -  MemoryUsage of job (MB)
	3779644  -  ResidentSetSize of job (KB)
...
006 (16742256.000.000) 2022-11-11 14:01:54 Image size of job updated: 3862
	3862  -  MemoryUsage of job (MB)
	3955492  -  ResidentSetSize of job (KB)
...
006 (16742256.000.000) 2022-11-11 14:06:55 Image size of job updated: 3885
	3885  -  MemoryUsage of job (MB)
	3978828  -  ResidentSetSize of job (KB)
...
040 (16742256.000.000) 2022-11-11 14:28:23 Started transferring output files
...
040 (16742256.000.000) 2022-11-11 14:28:23 Finished transferring output files
...
005 (16742256.000.000) 2022-11-11 14:28:23 Job terminated.
	(1) Normal termination (return value 0)
		Usr 0 00:17:51, Sys 0 00:05:57  -  Run Remote Usage
		Usr 0 00:00:00, Sys 0 00:00:00  -  Run Local Usage
		Usr 0 00:17:51, Sys 0 00:05:57  -  Total Remote Usage
		Usr 0 00:00:00, Sys 0 00:00:00  -  Total Local Usage
	463351  -  Run Bytes Sent By Job
	417958  -  Run Bytes Received By Job
	463351  -  Total Bytes Sent By Job
	417958  -  Total Bytes Received By Job
	Partitionable Resources :    Usage  Request Allocated Assigned
	   Cpus                 :     0.00        1         1 
	   Disk (KB)            :   900    20971520  26335977 
	   Gpus (Average)       : 16102.28        1         1 "GPU-8e4ef0ae"
	   GpusMemory (MB)      :  1798                       
	   IoHeavy              :                           0 
	   Memory (MB)          :  3885       16384     16384 

	Job terminated of its own accord at 2022-11-11T20:28:22Z with exit-code 0.
...
