000 (16742232.000.000) 2022-11-11 11:54:58 Job submitted from host: <128.105.244.191:9618?addrs=128.105.244.191-9618&alias=submit-1.chtc.wisc.edu&noUDP&sock=schedd_6485_bfc3>
...
040 (16742232.000.000) 2022-11-11 11:55:19 Started transferring input files
	Transferring to host: <128.104.103.46:9618?addrs=128.104.103.46-9618+[2607-f388-107c-501-ae1f-6bff-feac-5e02]-9618&alias=vetsigian0000.chtc.wisc.edu&noUDP&sock=slot1_1_51741_f711_4929>
...
040 (16742232.000.000) 2022-11-11 11:55:19 Finished transferring input files
...
001 (16742232.000.000) 2022-11-11 11:55:20 Job executing on host: <128.104.103.46:9618?addrs=128.104.103.46-9618+[2607-f388-107c-501-ae1f-6bff-feac-5e02]-9618&alias=vetsigian0000.chtc.wisc.edu&noUDP&sock=startd_7807_87f7>
...
006 (16742232.000.000) 2022-11-11 11:55:30 Image size of job updated: 1159
	1159  -  MemoryUsage of job (MB)
	1187392  -  ResidentSetSize of job (KB)
...
006 (16742232.000.000) 2022-11-11 11:55:53 Image size of job updated: 3246
	3246  -  MemoryUsage of job (MB)
	3324816  -  ResidentSetSize of job (KB)
...
040 (16742232.000.000) 2022-11-11 11:55:55 Started transferring output files
...
040 (16742232.000.000) 2022-11-11 11:55:55 Finished transferring output files
...
005 (16742232.000.000) 2022-11-11 11:55:58 Job terminated.
	(1) Normal termination (return value 0)
		Usr 0 00:00:04, Sys 0 00:00:01  -  Run Remote Usage
		Usr 0 00:00:00, Sys 0 00:00:00  -  Run Local Usage
		Usr 0 00:00:04, Sys 0 00:00:01  -  Total Remote Usage
		Usr 0 00:00:00, Sys 0 00:00:00  -  Total Local Usage
	7943  -  Run Bytes Sent By Job
	416996  -  Run Bytes Received By Job
	7943  -  Total Bytes Sent By Job
	416996  -  Total Bytes Received By Job
	Partitionable Resources :    Usage  Request Allocated Assigned
	   Cpus                 :     0           1         1 
	   Disk (KB)            :   471    20971520  26335977 
	   Gpus (Average)       :     0.00        1         1 "GPU-8e4ef0ae"
	   GpusMemory (MB)      :  1718                       
	   IoHeavy              :                           0 
	   Memory (MB)          :  3246       16384     16384 

	Job terminated of its own accord at 2022-11-11T17:55:53Z with exit-code 0.
...
