000 (16742832.000.000) 2022-11-12 11:03:05 Job submitted from host: <128.105.244.191:9618?addrs=128.105.244.191-9618&alias=submit-1.chtc.wisc.edu&noUDP&sock=schedd_6485_bfc3>
...
040 (16742832.000.000) 2022-11-12 11:03:29 Started transferring input files
	Transferring to host: <128.104.103.48:9618?addrs=128.104.103.48-9618+[2607-f388-107c-501-ae1f-6bff-fe2c-2f00]-9618&alias=vetsigian0001.chtc.wisc.edu&noUDP&sock=slot1_2_87396_235b_7838>
...
040 (16742832.000.000) 2022-11-12 11:03:30 Finished transferring input files
...
001 (16742832.000.000) 2022-11-12 11:03:31 Job executing on host: <128.104.103.48:9618?addrs=128.104.103.48-9618+[2607-f388-107c-501-ae1f-6bff-fe2c-2f00]-9618&alias=vetsigian0001.chtc.wisc.edu&noUDP&sock=startd_8064_cfce>
...
006 (16742832.000.000) 2022-11-12 11:08:45 Image size of job updated: 2728
	2728  -  MemoryUsage of job (MB)
	2793828  -  ResidentSetSize of job (KB)
...
006 (16742832.000.000) 2022-11-12 11:13:45 Image size of job updated: 2776
	2776  -  MemoryUsage of job (MB)
	2843428  -  ResidentSetSize of job (KB)
...
006 (16742832.000.000) 2022-11-12 11:18:46 Image size of job updated: 2782
	2782  -  MemoryUsage of job (MB)
	2849000  -  ResidentSetSize of job (KB)
...
006 (16742832.000.000) 2022-11-12 11:23:46 Image size of job updated: 2818
	2818  -  MemoryUsage of job (MB)
	2886472  -  ResidentSetSize of job (KB)
...
006 (16742832.000.000) 2022-11-12 11:33:47 Image size of job updated: 2999
	2999  -  MemoryUsage of job (MB)
	3071400  -  ResidentSetSize of job (KB)
...
006 (16742832.000.000) 2022-11-12 11:38:47 Image size of job updated: 3000
	3000  -  MemoryUsage of job (MB)
	3072380  -  ResidentSetSize of job (KB)
...
006 (16742832.000.000) 2022-11-12 11:48:48 Image size of job updated: 3015
	3015  -  MemoryUsage of job (MB)
	3087736  -  ResidentSetSize of job (KB)
...
040 (16742832.000.000) 2022-11-12 12:12:34 Started transferring output files
...
040 (16742832.000.000) 2022-11-12 12:12:34 Finished transferring output files
...
005 (16742832.000.000) 2022-11-12 12:12:35 Job terminated.
	(1) Normal termination (return value 0)
		Usr 0 00:14:59, Sys 0 00:05:11  -  Run Remote Usage
		Usr 0 00:00:00, Sys 0 00:00:00  -  Run Local Usage
		Usr 0 00:14:59, Sys 0 00:05:11  -  Total Remote Usage
		Usr 0 00:00:00, Sys 0 00:00:00  -  Total Local Usage
	823414  -  Run Bytes Sent By Job
	17945  -  Run Bytes Received By Job
	823414  -  Total Bytes Sent By Job
	17945  -  Total Bytes Received By Job
	Partitionable Resources :    Usage   Request Allocated Assigned
	   Cpus                 :     0.00         1         1 
	   Disk (KB)            :  1650    209715200 214450094 
	   Gpus (Average)       :  4210.68         1         1 "GPU-c60845c2"
	   GpusMemory (MB)      :  1798                        
	   IoHeavy              :                            0 
	   Memory (MB)          :  3015        92160     92160 

	Job terminated of its own accord at 2022-11-12T18:12:34Z with exit-code 0.
...
