000 (16742247.000.000) 2022-11-11 13:01:40 Job submitted from host: <128.105.244.191:9618?addrs=128.105.244.191-9618&alias=submit-1.chtc.wisc.edu&noUDP&sock=schedd_6485_bfc3>
...
040 (16742247.000.000) 2022-11-11 13:02:03 Started transferring input files
	Transferring to host: <128.104.103.46:9618?addrs=128.104.103.46-9618+[2607-f388-107c-501-ae1f-6bff-feac-5e02]-9618&alias=vetsigian0000.chtc.wisc.edu&noUDP&sock=slot1_1_51741_f711_5052>
...
040 (16742247.000.000) 2022-11-11 13:02:03 Finished transferring input files
...
001 (16742247.000.000) 2022-11-11 13:02:04 Job executing on host: <128.104.103.46:9618?addrs=128.104.103.46-9618+[2607-f388-107c-501-ae1f-6bff-feac-5e02]-9618&alias=vetsigian0000.chtc.wisc.edu&noUDP&sock=startd_7807_87f7>
...
006 (16742247.000.000) 2022-11-11 13:02:13 Image size of job updated: 1161
	1161  -  MemoryUsage of job (MB)
	1189068  -  ResidentSetSize of job (KB)
...
006 (16742247.000.000) 2022-11-11 13:07:14 Image size of job updated: 3523
	3523  -  MemoryUsage of job (MB)
	3608336  -  ResidentSetSize of job (KB)
...
040 (16742247.000.000) 2022-11-11 13:11:32 Started transferring output files
...
040 (16742247.000.000) 2022-11-11 13:11:32 Finished transferring output files
...
005 (16742247.000.000) 2022-11-11 13:11:34 Job terminated.
	(1) Normal termination (return value 0)
		Usr 0 00:02:28, Sys 0 00:00:53  -  Run Remote Usage
		Usr 0 00:00:00, Sys 0 00:00:00  -  Run Local Usage
		Usr 0 00:02:28, Sys 0 00:00:53  -  Total Remote Usage
		Usr 0 00:00:00, Sys 0 00:00:00  -  Total Local Usage
	14872  -  Run Bytes Sent By Job
	417683  -  Run Bytes Received By Job
	14872  -  Total Bytes Sent By Job
	417683  -  Total Bytes Received By Job
	Partitionable Resources :    Usage  Request Allocated Assigned
	   Cpus                 :     0.00        1         1 
	   Disk (KB)            :   480    20971520  26335977 
	   Gpus (Average)       : 60772.07        1         1 "GPU-8e4ef0ae"
	   GpusMemory (MB)      :  1718                       
	   IoHeavy              :                           0 
	   Memory (MB)          :  3523       16384     16384 

	Job terminated of its own accord at 2022-11-11T19:11:32Z with exit-code 0.
...
